<?xml version="1.0" encoding="UTF-8"?>
<!-- Generated by org.testng.reporters.JUnitReportReporter -->
<testsuite hostname="rushikesh" failures="0" tests="3" name="UC_wotnot_pages_test.Auth2FA_page_test" time="20.569" errors="0" timestamp="2023-11-06T14:31:56 IST" skipped="0">
  <testcase classname="UC_wotnot_pages_test.Auth2FA_page_test" name="titleverifiaction" time="5.213"/>
  <testcase classname="UC_wotnot_pages_test.Auth2FA_page_test" name="authaction" time="10.442"/>
  <testcase classname="UC_wotnot_pages_test.Auth2FA_page_test" name="verifybutton" time="4.914"/>
</testsuite> <!-- UC_wotnot_pages_test.Auth2FA_page_test -->
