<?xml version="1.0" encoding="UTF-8"?>
<!-- Generated by org.testng.reporters.JUnitReportReporter -->
<testsuite hostname="rushikesh" failures="0" tests="3" name="UC_wotnot_pages_test.Login_page_test" time="8.475" errors="0" timestamp="2023-11-06T14:31:56 IST" skipped="0">
  <testcase classname="UC_wotnot_pages_test.Login_page_test" name="loginpagetiletest" time="3.516"/>
  <testcase classname="UC_wotnot_pages_test.Login_page_test" name="buttontest" time="2.496"/>
  <testcase classname="UC_wotnot_pages_test.Login_page_test" name="logotest" time="2.463"/>
</testsuite> <!-- UC_wotnot_pages_test.Login_page_test -->
