<?xml version="1.0" encoding="UTF-8"?>
<!-- Generated by org.testng.reporters.JUnitReportReporter -->
<testsuite hostname="rushikesh" failures="0" tests="1" name="UC_wotnot_pages_test.UC_chatbot_List_test" time="31.062" errors="0" timestamp="2023-11-08T18:20:32 IST" skipped="0">
  <testcase classname="UC_wotnot_pages_test.UC_chatbot_List_test" name="verifybotname" time="31.062"/>
</testsuite> <!-- UC_wotnot_pages_test.UC_chatbot_List_test -->
